videoManipulation/build/intermediates/manifest_merge_blame_file/debug/manifest-merger-blame-debug-report.txt
1<?xml version="1.0" encoding="utf-8"?>
2<manifest xmlns:android="http://schemas.android.com/apk/res/android"
3    package="com.littglobal.vidcomp.videomanipulation"
4    android:versionCode="1"
5    android:versionName="1.0" >
6
7    <uses-sdk
7-->src/main/AndroidManifest.xml:6:5-47
8        android:minSdkVersion="19"
8-->src/main/AndroidManifest.xml:6:5-47
9        android:targetSdkVersion="27" />
9-->src/main/AndroidManifest.xml:6:15-44
10
11    <uses-permission android:name="android.permission.WRITE_EXTERNAL_STORAGE" />
11-->src/main/AndroidManifest.xml:8:5-81
11-->src/main/AndroidManifest.xml:8:22-78
12
13    <application
13-->src/main/AndroidManifest.xml:10:5-39:19
14        android:allowBackup="true"
14-->src/main/AndroidManifest.xml:11:9-35
15        android:debuggable="true"
16        android:icon="@drawable/ic_launcher"
16-->src/main/AndroidManifest.xml:12:9-45
17        android:label="@string/app_name"
17-->src/main/AndroidManifest.xml:13:9-41
18        android:testOnly="true"
19        android:theme="@style/AppTheme" >
19-->src/main/AndroidManifest.xml:14:9-40
20        <activity
20-->src/main/AndroidManifest.xml:16:9-25:20
21            android:name="com.littglobal.vidcomp.videomanipulation.MainActivity"
21-->src/main/AndroidManifest.xml:17:13-81
22            android:label="@string/app_name" >
22-->src/main/AndroidManifest.xml:18:13-45
23            <intent-filter>
23-->src/main/AndroidManifest.xml:20:13-24:29
24                <action android:name="android.intent.action.MAIN" />
24-->src/main/AndroidManifest.xml:21:17-69
24-->src/main/AndroidManifest.xml:21:25-66
25
26                <category android:name="android.intent.category.LAUNCHER" />
26-->src/main/AndroidManifest.xml:23:17-77
26-->src/main/AndroidManifest.xml:23:27-74
27            </intent-filter>
28        </activity>
29        <activity
29-->src/main/AndroidManifest.xml:27:9-29:48
30            android:name="com.littglobal.vidcomp.videomanipulation.RotationActivity"
30-->src/main/AndroidManifest.xml:28:13-85
31            android:label="@string/app_name" />
31-->src/main/AndroidManifest.xml:29:13-45
32        <activity
32-->src/main/AndroidManifest.xml:31:9-33:48
33            android:name="com.littglobal.vidcomp.videomanipulation.TrimActivity"
33-->src/main/AndroidManifest.xml:32:13-81
34            android:label="@string/app_name" />
34-->src/main/AndroidManifest.xml:33:13-45
35        <activity
35-->src/main/AndroidManifest.xml:35:9-37:48
36            android:name="com.littglobal.vidcomp.videomanipulation.ResampleActivity"
36-->src/main/AndroidManifest.xml:36:13-85
37            android:label="@string/app_name" />
37-->src/main/AndroidManifest.xml:37:13-45
38    </application>
39
40</manifest>